2024-12-20 23:00:30 | INFO     | __main__:main:50 - Starting data collection service...
2024-12-20 23:00:30 | ERROR    | micro_cold_spray.api.data_collection.data_collection_app:__init__:49 - Failed to initialize data collection application: object.__init__() got multiple values for keyword argument 'title'
2024-12-20 23:00:30 | ERROR    | __main__:main:79 - Failed to start data collection service: 503: Failed to initialize data collection application
Traceback (most recent call last):

  File "C:\Projects\micro-cold-spray\src\micro_cold_spray\api\data_collection\data_collection_app.py", line 26, in __init__
    super().__init__(

TypeError: object.__init__() got multiple values for keyword argument 'title'


During handling of the above exception, another exception occurred:


Traceback (most recent call last):

  File "C:\Projects\micro-cold-spray\src\micro_cold_spray\api\data_collection\__main__.py", line 84, in <module>
    main()

> File "C:\Projects\micro-cold-spray\src\micro_cold_spray\api\data_collection\__main__.py", line 53, in main
    app = DataCollectionApp(

  File "C:\Projects\micro-cold-spray\src\micro_cold_spray\api\data_collection\data_collection_app.py", line 50, in __init__
    raise create_error(

fastapi.exceptions.HTTPException: 503: Failed to initialize data collection application
2024-12-20 23:00:51 | INFO     | __main__:main:50 - Starting data collection service...
2024-12-20 23:00:51 | ERROR    | micro_cold_spray.api.data_collection.data_collection_app:__init__:49 - Failed to initialize data collection application: object.__init__() takes exactly one argument (the instance to initialize)
2024-12-20 23:00:51 | ERROR    | __main__:main:75 - Failed to start data collection service: 503: Failed to initialize data collection application
Traceback (most recent call last):

  File "C:\Projects\micro-cold-spray\src\micro_cold_spray\api\data_collection\data_collection_app.py", line 26, in __init__
    super().__init__(

TypeError: object.__init__() takes exactly one argument (the instance to initialize)


During handling of the above exception, another exception occurred:


Traceback (most recent call last):

  File "C:\Projects\micro-cold-spray\src\micro_cold_spray\api\data_collection\__main__.py", line 80, in <module>
    main()

> File "C:\Projects\micro-cold-spray\src\micro_cold_spray\api\data_collection\__main__.py", line 53, in main
    app = DataCollectionApp()

  File "C:\Projects\micro-cold-spray\src\micro_cold_spray\api\data_collection\data_collection_app.py", line 50, in __init__
    raise create_error(

fastapi.exceptions.HTTPException: 503: Failed to initialize data collection application
2024-12-20 23:01:14 | INFO     | __main__:main:50 - Starting data collection service...
2024-12-20 23:01:14 | ERROR    | micro_cold_spray.api.data_collection.data_collection_app:__init__:49 - Failed to initialize data collection application: DataCollectionService.__init__() missing 1 required positional argument: 'storage'
2024-12-20 23:01:14 | ERROR    | __main__:main:75 - Failed to start data collection service: 503: Failed to initialize data collection application
Traceback (most recent call last):

  File "C:\Projects\micro-cold-spray\src\micro_cold_spray\api\data_collection\data_collection_app.py", line 37, in __init__
    self.service = DataCollectionService()

TypeError: DataCollectionService.__init__() missing 1 required positional argument: 'storage'


During handling of the above exception, another exception occurred:


Traceback (most recent call last):

  File "C:\Projects\micro-cold-spray\src\micro_cold_spray\api\data_collection\__main__.py", line 80, in <module>
    main()

> File "C:\Projects\micro-cold-spray\src\micro_cold_spray\api\data_collection\__main__.py", line 53, in main
    app = DataCollectionApp()

  File "C:\Projects\micro-cold-spray\src\micro_cold_spray\api\data_collection\data_collection_app.py", line 50, in __init__
    raise create_error(

fastapi.exceptions.HTTPException: 503: Failed to initialize data collection application
2024-12-20 23:01:18 | INFO     | __main__:main:50 - Starting data collection service...
2024-12-20 23:01:18 | ERROR    | micro_cold_spray.api.data_collection.data_collection_app:__init__:49 - Failed to initialize data collection application: DataCollectionService.__init__() missing 1 required positional argument: 'storage'
2024-12-20 23:01:18 | ERROR    | __main__:main:75 - Failed to start data collection service: 503: Failed to initialize data collection application
Traceback (most recent call last):

  File "C:\Projects\micro-cold-spray\src\micro_cold_spray\api\data_collection\data_collection_app.py", line 37, in __init__
    self.service = DataCollectionService()

TypeError: DataCollectionService.__init__() missing 1 required positional argument: 'storage'


During handling of the above exception, another exception occurred:


Traceback (most recent call last):

  File "C:\Projects\micro-cold-spray\src\micro_cold_spray\api\data_collection\__main__.py", line 80, in <module>
    main()

> File "C:\Projects\micro-cold-spray\src\micro_cold_spray\api\data_collection\__main__.py", line 53, in main
    app = DataCollectionApp()

  File "C:\Projects\micro-cold-spray\src\micro_cold_spray\api\data_collection\data_collection_app.py", line 50, in __init__
    raise create_error(

fastapi.exceptions.HTTPException: 503: Failed to initialize data collection application
2024-12-20 23:02:36 | INFO     | __main__:main:50 - Starting data collection service...
2024-12-20 23:02:36 | INFO     | __main__:main:58 - Host: 0.0.0.0
2024-12-20 23:02:36 | INFO     | __main__:main:59 - Port: 8005
2024-12-20 23:02:36 | INFO     | __main__:main:60 - Reload: False
2024-12-20 23:02:36 | INFO     | micro_cold_spray.api.data_collection.data_collection_app:__init__:49 - Data collection application initialized
2024-12-20 23:02:36 | INFO     | micro_cold_spray.api.data_collection.data_collection_app:startup_event:61 - Starting data collection service...
2024-12-20 23:02:36 | INFO     | micro_cold_spray.api.data_collection.data_collection_storage:initialize:101 - Database initialized successfully
2024-12-20 23:02:36 | INFO     | micro_cold_spray.api.data_collection.data_collection_service:initialize:26 - Data collection service initialized
2024-12-20 23:02:36 | INFO     | micro_cold_spray.api.data_collection.data_collection_app:startup_event:63 - Data collection service started
2024-12-20 23:03:32 | INFO     | micro_cold_spray.api.data_collection.data_collection_service:start_collection:45 - Started data collection for sequence test_sequence_1
2024-12-20 23:05:00 | INFO     | __main__:main:50 - Starting data collection service...
2024-12-20 23:05:00 | INFO     | __main__:main:58 - Host: 0.0.0.0
2024-12-20 23:05:00 | INFO     | __main__:main:59 - Port: 8005
2024-12-20 23:05:00 | INFO     | __main__:main:60 - Reload: False
2024-12-20 23:05:00 | INFO     | micro_cold_spray.api.data_collection.data_collection_app:__init__:49 - Data collection application initialized
2024-12-20 23:05:00 | INFO     | micro_cold_spray.api.data_collection.data_collection_app:startup_event:61 - Starting data collection service...
2024-12-20 23:05:00 | INFO     | micro_cold_spray.api.data_collection.data_collection_storage:initialize:101 - Database initialized successfully
2024-12-20 23:05:00 | INFO     | micro_cold_spray.api.data_collection.data_collection_service:initialize:26 - Data collection service initialized
2024-12-20 23:05:00 | INFO     | micro_cold_spray.api.data_collection.data_collection_app:startup_event:63 - Data collection service started
2024-12-20 23:05:04 | INFO     | __main__:main:50 - Starting data collection service...
2024-12-20 23:05:04 | INFO     | __main__:main:58 - Host: 0.0.0.0
2024-12-20 23:05:04 | INFO     | __main__:main:59 - Port: 8005
2024-12-20 23:05:04 | INFO     | __main__:main:60 - Reload: False
2024-12-20 23:05:04 | INFO     | micro_cold_spray.api.data_collection.data_collection_app:__init__:49 - Data collection application initialized
2024-12-20 23:05:04 | INFO     | micro_cold_spray.api.data_collection.data_collection_app:startup_event:61 - Starting data collection service...
2024-12-20 23:05:04 | INFO     | micro_cold_spray.api.data_collection.data_collection_storage:initialize:101 - Database initialized successfully
2024-12-20 23:05:04 | INFO     | micro_cold_spray.api.data_collection.data_collection_service:initialize:26 - Data collection service initialized
2024-12-20 23:05:04 | INFO     | micro_cold_spray.api.data_collection.data_collection_app:startup_event:63 - Data collection service started
2024-12-20 23:05:04 | INFO     | micro_cold_spray.api.data_collection.data_collection_app:shutdown_event:74 - Stopping data collection service...
2024-12-20 23:05:04 | ERROR    | micro_cold_spray.api.data_collection.data_collection_app:shutdown_event:78 - Failed to stop data collection service: 'DataCollectionService' object has no attribute 'stop'
2024-12-20 23:05:14 | INFO     | micro_cold_spray.api.data_collection.data_collection_app:shutdown_event:74 - Stopping data collection service...
2024-12-20 23:05:14 | ERROR    | micro_cold_spray.api.data_collection.data_collection_app:shutdown_event:78 - Failed to stop data collection service: 'DataCollectionService' object has no attribute 'stop'
2024-12-20 23:06:56 | INFO     | __main__:main:50 - Starting data collection service...
2024-12-20 23:06:56 | INFO     | __main__:main:58 - Host: 0.0.0.0
2024-12-20 23:06:56 | INFO     | __main__:main:59 - Port: 8005
2024-12-20 23:06:56 | INFO     | __main__:main:60 - Reload: False
2024-12-20 23:06:56 | INFO     | micro_cold_spray.api.data_collection.data_collection_storage:initialize:101 - Database initialized successfully
2024-12-20 23:06:56 | INFO     | micro_cold_spray.api.data_collection.data_collection_storage:initialize:101 - Database initialized successfully
2024-12-20 23:08:09 | DEBUG    | micro_cold_spray.api.data_collection.data_collection_storage:save_spray_event:162 - Saved spray event 1 to database
2024-12-20 23:08:15 | DEBUG    | micro_cold_spray.api.data_collection.data_collection_storage:get_spray_events:233 - Retrieved 1 events for sequence test_sequence_1
2024-12-20 23:08:22 | DEBUG    | micro_cold_spray.api.data_collection.data_collection_storage:save_spray_event:162 - Saved spray event 2 to database
2024-12-20 23:08:30 | ERROR    | micro_cold_spray.api.data_collection.data_collection_storage:save_spray_event:164 - Duplicate spray event: 2
2024-12-20 23:08:30 | ERROR    | micro_cold_spray.api.data_collection.data_collection_storage:save_spray_event:175 - Failed to save spray event: 409: Duplicate spray event
2024-12-20 23:08:37 | DEBUG    | micro_cold_spray.api.data_collection.data_collection_storage:save_spray_event:162 - Saved spray event 3 to database
2024-12-20 23:08:43 | DEBUG    | micro_cold_spray.api.data_collection.data_collection_storage:get_spray_events:233 - Retrieved 3 events for sequence test_sequence_1
