2024-12-14 10:09:12.868 | INFO     | __main__:main:126 - Starting Micro Cold Spray application
2024-12-14 10:09:12.868 | INFO     | __main__:main:132 - Starting critical services...
2024-12-14 10:09:16.897 | INFO     | __main__:main:150 - Starting non-critical services...
2024-12-14 10:10:31.566 | INFO     | __main__:shutdown_handler:164 - Shutdown requested...
2024-12-14 10:10:31.567 | INFO     | __main__:shutdown_handler:167 - Stopping config service...
2024-12-14 10:10:31.571 | INFO     | __main__:shutdown_handler:167 - Stopping messaging service...
2024-12-14 10:10:31.574 | INFO     | __main__:shutdown_handler:167 - Stopping communication service...
2024-12-14 10:10:31.578 | INFO     | __main__:shutdown_handler:167 - Stopping process service...
2024-12-14 10:10:31.582 | INFO     | __main__:shutdown_handler:167 - Stopping state service...
2024-12-14 10:10:31.585 | INFO     | __main__:shutdown_handler:167 - Stopping data_collection service...
2024-12-14 10:10:31.588 | INFO     | __main__:shutdown_handler:167 - Stopping validation service...
2024-12-14 10:10:31.591 | INFO     | __main__:shutdown_handler:167 - Stopping ui service...
2024-12-14 10:10:31.595 | INFO     | __main__:main:205 - Application shutdown complete
2024-12-14 10:13:10.306 | INFO     | __main__:main:126 - Starting Micro Cold Spray application
2024-12-14 10:13:10.307 | INFO     | __main__:main:132 - Starting critical services...
2024-12-14 10:13:14.340 | INFO     | __main__:main:150 - Starting non-critical services...
2024-12-14 10:13:49.056 | INFO     | __main__:shutdown_handler:164 - Shutdown requested...
2024-12-14 10:13:49.056 | INFO     | __main__:shutdown_handler:167 - Stopping config service...
2024-12-14 10:13:49.060 | INFO     | __main__:shutdown_handler:167 - Stopping messaging service...
2024-12-14 10:13:49.063 | INFO     | __main__:shutdown_handler:167 - Stopping communication service...
2024-12-14 10:13:49.068 | INFO     | __main__:shutdown_handler:167 - Stopping process service...
2024-12-14 10:13:49.071 | INFO     | __main__:shutdown_handler:167 - Stopping state service...
2024-12-14 10:13:49.074 | INFO     | __main__:shutdown_handler:167 - Stopping data_collection service...
2024-12-14 10:13:49.077 | INFO     | __main__:shutdown_handler:167 - Stopping validation service...
2024-12-14 10:13:49.080 | INFO     | __main__:shutdown_handler:167 - Stopping ui service...
2024-12-14 10:13:49.084 | INFO     | __main__:main:205 - Application shutdown complete
2024-12-14 10:14:20.958 | INFO     | __main__:main:126 - Starting Micro Cold Spray application
2024-12-14 10:14:20.959 | INFO     | __main__:main:132 - Starting critical services...
2024-12-14 10:14:25.003 | INFO     | __main__:main:150 - Starting non-critical services...
2024-12-14 10:15:09.803 | INFO     | __main__:shutdown_handler:164 - Shutdown requested...
2024-12-14 10:15:09.803 | INFO     | __main__:shutdown_handler:167 - Stopping config service...
2024-12-14 10:15:09.807 | INFO     | __main__:shutdown_handler:167 - Stopping messaging service...
2024-12-14 10:15:09.810 | INFO     | __main__:shutdown_handler:167 - Stopping communication service...
2024-12-14 10:15:09.814 | INFO     | __main__:shutdown_handler:167 - Stopping process service...
2024-12-14 10:15:09.817 | INFO     | __main__:shutdown_handler:167 - Stopping state service...
2024-12-14 10:15:09.820 | INFO     | __main__:shutdown_handler:167 - Stopping data_collection service...
2024-12-14 10:15:09.824 | INFO     | __main__:shutdown_handler:167 - Stopping validation service...
2024-12-14 10:15:09.827 | INFO     | __main__:shutdown_handler:167 - Stopping ui service...
2024-12-14 10:15:09.831 | INFO     | __main__:main:205 - Application shutdown complete
2024-12-14 10:16:57.856 | INFO     | __main__:main:126 - Starting Micro Cold Spray application
2024-12-14 10:16:57.856 | INFO     | __main__:main:132 - Starting critical services...
2024-12-14 10:17:01.902 | INFO     | __main__:main:150 - Starting non-critical services...
2024-12-14 10:19:22.677 | INFO     | __main__:shutdown_handler:164 - Shutdown requested...
2024-12-14 10:19:22.677 | INFO     | __main__:shutdown_handler:167 - Stopping config service...
2024-12-14 10:19:22.681 | INFO     | __main__:shutdown_handler:167 - Stopping messaging service...
2024-12-14 10:19:22.684 | INFO     | __main__:shutdown_handler:167 - Stopping communication service...
2024-12-14 10:19:22.688 | INFO     | __main__:shutdown_handler:167 - Stopping process service...
2024-12-14 10:19:22.691 | INFO     | __main__:shutdown_handler:167 - Stopping state service...
2024-12-14 10:19:22.694 | INFO     | __main__:shutdown_handler:167 - Stopping data_collection service...
2024-12-14 10:19:22.697 | INFO     | __main__:shutdown_handler:167 - Stopping validation service...
2024-12-14 10:19:22.700 | INFO     | __main__:shutdown_handler:167 - Stopping ui service...
2024-12-14 10:19:22.703 | INFO     | __main__:main:205 - Application shutdown complete
2024-12-14 10:21:14.368 | INFO     | __main__:main:126 - Starting Micro Cold Spray application
2024-12-14 10:21:14.368 | INFO     | __main__:main:132 - Starting critical services...
2024-12-14 10:21:18.398 | INFO     | __main__:main:150 - Starting non-critical services...
2024-12-14 10:21:38.735 | INFO     | __main__:shutdown_handler:164 - Shutdown requested...
2024-12-14 10:21:38.735 | INFO     | __main__:shutdown_handler:167 - Stopping config service...
2024-12-14 10:21:38.738 | INFO     | __main__:shutdown_handler:167 - Stopping messaging service...
2024-12-14 10:21:38.742 | INFO     | __main__:shutdown_handler:167 - Stopping communication service...
2024-12-14 10:21:38.746 | INFO     | __main__:shutdown_handler:167 - Stopping process service...
2024-12-14 10:21:38.749 | INFO     | __main__:shutdown_handler:167 - Stopping state service...
2024-12-14 10:21:38.752 | INFO     | __main__:shutdown_handler:167 - Stopping data_collection service...
2024-12-14 10:21:38.755 | INFO     | __main__:shutdown_handler:167 - Stopping validation service...
2024-12-14 10:21:38.758 | INFO     | __main__:shutdown_handler:167 - Stopping ui service...
2024-12-14 10:21:38.762 | INFO     | __main__:main:205 - Application shutdown complete
2024-12-14 10:30:57.420 | INFO     | __main__:main:126 - Starting Micro Cold Spray application
2024-12-14 10:30:57.420 | INFO     | __main__:main:132 - Starting critical services...
2024-12-14 10:31:01.466 | INFO     | __main__:main:150 - Starting non-critical services...
2024-12-14 10:31:31.055 | INFO     | __main__:shutdown_handler:164 - Shutdown requested...
2024-12-14 10:31:31.055 | INFO     | __main__:shutdown_handler:167 - Stopping config service...
2024-12-14 10:31:31.059 | INFO     | __main__:shutdown_handler:167 - Stopping messaging service...
2024-12-14 10:31:31.062 | INFO     | __main__:shutdown_handler:167 - Stopping communication service...
2024-12-14 10:31:31.066 | INFO     | __main__:shutdown_handler:167 - Stopping process service...
2024-12-14 10:31:31.070 | INFO     | __main__:shutdown_handler:167 - Stopping state service...
2024-12-14 10:31:31.073 | INFO     | __main__:shutdown_handler:167 - Stopping data_collection service...
2024-12-14 10:31:31.077 | INFO     | __main__:shutdown_handler:167 - Stopping validation service...
2024-12-14 10:31:31.080 | INFO     | __main__:shutdown_handler:167 - Stopping ui service...
2024-12-14 10:31:31.084 | INFO     | __main__:main:205 - Application shutdown complete
2024-12-14 21:45:12.122 | INFO     | __main__:main:126 - Starting Micro Cold Spray application
2024-12-14 21:45:12.123 | INFO     | __main__:main:132 - Starting critical services...
2024-12-14 21:45:16.156 | INFO     | __main__:main:150 - Starting non-critical services...
2024-12-14 21:46:51.722 | INFO     | __main__:shutdown_handler:164 - Shutdown requested...
2024-12-14 21:46:51.722 | INFO     | __main__:shutdown_handler:167 - Stopping config service...
2024-12-14 21:46:51.726 | INFO     | __main__:shutdown_handler:167 - Stopping messaging service...
2024-12-14 21:46:51.729 | INFO     | __main__:shutdown_handler:167 - Stopping communication service...
2024-12-14 21:46:51.733 | INFO     | __main__:shutdown_handler:167 - Stopping process service...
2024-12-14 21:46:51.736 | INFO     | __main__:shutdown_handler:167 - Stopping state service...
2024-12-14 21:46:51.739 | INFO     | __main__:shutdown_handler:167 - Stopping data_collection service...
2024-12-14 21:46:51.742 | INFO     | __main__:shutdown_handler:167 - Stopping validation service...
2024-12-14 21:46:51.745 | INFO     | __main__:shutdown_handler:167 - Stopping ui service...
2024-12-14 21:46:51.750 | INFO     | __main__:main:205 - Application shutdown complete
2024-12-14 22:00:38.158 | INFO     | __main__:main:126 - Starting Micro Cold Spray application
2024-12-14 22:00:38.158 | INFO     | __main__:main:132 - Starting critical services...
2024-12-14 22:00:42.184 | INFO     | __main__:main:150 - Starting non-critical services...
2024-12-14 22:03:01.784 | INFO     | __main__:shutdown_handler:164 - Shutdown requested...
2024-12-14 22:03:01.785 | INFO     | __main__:shutdown_handler:167 - Stopping config service...
2024-12-14 22:03:01.788 | INFO     | __main__:shutdown_handler:167 - Stopping messaging service...
2024-12-14 22:03:01.792 | INFO     | __main__:shutdown_handler:167 - Stopping communication service...
2024-12-14 22:03:01.796 | INFO     | __main__:shutdown_handler:167 - Stopping process service...
2024-12-14 22:03:01.799 | INFO     | __main__:shutdown_handler:167 - Stopping state service...
2024-12-14 22:03:01.802 | INFO     | __main__:shutdown_handler:167 - Stopping data_collection service...
2024-12-14 22:03:01.805 | INFO     | __main__:shutdown_handler:167 - Stopping validation service...
2024-12-14 22:03:01.808 | INFO     | __main__:shutdown_handler:167 - Stopping ui service...
2024-12-14 22:03:01.811 | INFO     | __main__:main:205 - Application shutdown complete
2024-12-14 22:04:39.228 | INFO     | __main__:main:126 - Starting Micro Cold Spray application
2024-12-14 22:04:39.228 | INFO     | __main__:main:132 - Starting critical services...
2024-12-14 22:04:43.270 | INFO     | __main__:main:150 - Starting non-critical services...
2024-12-14 22:06:34.666 | INFO     | __main__:shutdown_handler:164 - Shutdown requested...
2024-12-14 22:06:34.666 | INFO     | __main__:shutdown_handler:167 - Stopping config service...
2024-12-14 22:06:34.670 | INFO     | __main__:shutdown_handler:167 - Stopping messaging service...
2024-12-14 22:06:34.673 | INFO     | __main__:shutdown_handler:167 - Stopping communication service...
2024-12-14 22:06:34.677 | INFO     | __main__:shutdown_handler:167 - Stopping process service...
2024-12-14 22:06:34.680 | INFO     | __main__:shutdown_handler:164 - Shutdown requested...
2024-12-14 22:06:34.680 | INFO     | __main__:shutdown_handler:167 - Stopping state service...
2024-12-14 22:06:34.683 | INFO     | __main__:shutdown_handler:167 - Stopping data_collection service...
2024-12-14 22:06:34.686 | INFO     | __main__:shutdown_handler:167 - Stopping validation service...
2024-12-14 22:06:34.688 | INFO     | __main__:shutdown_handler:167 - Stopping ui service...
2024-12-14 22:06:34.692 | INFO     | __main__:main:205 - Application shutdown complete
2024-12-14 22:09:21.849 | INFO     | __main__:main:126 - Starting Micro Cold Spray application
2024-12-14 22:09:21.849 | INFO     | __main__:main:132 - Starting critical services...
2024-12-14 22:09:25.887 | INFO     | __main__:main:150 - Starting non-critical services...
2024-12-14 22:09:30.943 | CRITICAL | __main__:main:182 - Critical service communication died - shutting down system
2024-12-14 22:09:30.944 | INFO     | __main__:shutdown_handler:164 - Shutdown requested...
2024-12-14 22:09:30.944 | INFO     | __main__:shutdown_handler:167 - Stopping config service...
2024-12-14 22:09:30.947 | INFO     | __main__:shutdown_handler:167 - Stopping messaging service...
2024-12-14 22:09:30.950 | INFO     | __main__:shutdown_handler:167 - Stopping process service...
2024-12-14 22:09:30.953 | INFO     | __main__:shutdown_handler:167 - Stopping state service...
2024-12-14 22:09:30.956 | INFO     | __main__:shutdown_handler:167 - Stopping data_collection service...
2024-12-14 22:09:30.959 | INFO     | __main__:shutdown_handler:167 - Stopping validation service...
2024-12-14 22:09:30.961 | INFO     | __main__:shutdown_handler:167 - Stopping ui service...
2024-12-14 22:09:30.964 | INFO     | __main__:main:205 - Application shutdown complete
2024-12-14 23:23:29.955 | INFO     | __main__:main:126 - Starting Micro Cold Spray application
2024-12-14 23:23:29.955 | INFO     | __main__:main:132 - Starting critical services...
2024-12-14 23:23:33.985 | INFO     | __main__:main:150 - Starting non-critical services...
2024-12-14 23:27:19.292 | INFO     | __main__:shutdown_handler:164 - Shutdown requested...
2024-12-14 23:27:19.292 | INFO     | __main__:shutdown_handler:167 - Stopping config service...
2024-12-14 23:27:19.295 | INFO     | __main__:shutdown_handler:167 - Stopping messaging service...
2024-12-14 23:27:19.299 | INFO     | __main__:shutdown_handler:167 - Stopping communication service...
2024-12-14 23:27:19.303 | INFO     | __main__:shutdown_handler:167 - Stopping process service...
2024-12-14 23:27:19.306 | INFO     | __main__:shutdown_handler:167 - Stopping state service...
2024-12-14 23:27:19.309 | INFO     | __main__:shutdown_handler:167 - Stopping data_collection service...
2024-12-14 23:27:19.312 | INFO     | __main__:shutdown_handler:167 - Stopping validation service...
2024-12-14 23:27:19.316 | INFO     | __main__:shutdown_handler:167 - Stopping ui service...
2024-12-14 23:27:19.321 | INFO     | __main__:main:205 - Application shutdown complete
2024-12-14 23:29:31.944 | INFO     | __main__:main:126 - Starting Micro Cold Spray application
2024-12-14 23:29:31.944 | INFO     | __main__:main:132 - Starting critical services...
2024-12-14 23:29:35.982 | INFO     | __main__:main:150 - Starting non-critical services...
2024-12-14 23:30:30.887 | INFO     | __main__:shutdown_handler:164 - Shutdown requested...
2024-12-14 23:30:30.887 | INFO     | __main__:shutdown_handler:167 - Stopping config service...
2024-12-14 23:30:30.891 | INFO     | __main__:shutdown_handler:167 - Stopping messaging service...
2024-12-14 23:30:30.894 | INFO     | __main__:shutdown_handler:167 - Stopping communication service...
2024-12-14 23:30:30.898 | INFO     | __main__:shutdown_handler:167 - Stopping process service...
2024-12-14 23:30:30.901 | INFO     | __main__:shutdown_handler:167 - Stopping state service...
2024-12-14 23:30:30.904 | INFO     | __main__:shutdown_handler:167 - Stopping data_collection service...
2024-12-14 23:30:30.907 | INFO     | __main__:shutdown_handler:167 - Stopping validation service...
2024-12-14 23:30:30.910 | INFO     | __main__:shutdown_handler:167 - Stopping ui service...
2024-12-14 23:30:30.914 | INFO     | __main__:main:205 - Application shutdown complete
2024-12-14 23:33:01.943 | INFO     | __main__:main:126 - Starting Micro Cold Spray application
2024-12-14 23:33:01.943 | INFO     | __main__:main:132 - Starting critical services...
2024-12-14 23:33:05.992 | INFO     | __main__:main:150 - Starting non-critical services...
2024-12-14 23:33:30.982 | INFO     | __main__:shutdown_handler:164 - Shutdown requested...
2024-12-14 23:33:30.982 | INFO     | __main__:shutdown_handler:167 - Stopping config service...
2024-12-14 23:33:30.986 | INFO     | __main__:shutdown_handler:167 - Stopping messaging service...
2024-12-14 23:33:30.990 | INFO     | __main__:shutdown_handler:167 - Stopping communication service...
2024-12-14 23:33:30.994 | INFO     | __main__:shutdown_handler:167 - Stopping process service...
2024-12-14 23:33:30.997 | INFO     | __main__:shutdown_handler:167 - Stopping state service...
2024-12-14 23:33:31.000 | INFO     | __main__:shutdown_handler:167 - Stopping data_collection service...
2024-12-14 23:33:31.003 | INFO     | __main__:shutdown_handler:167 - Stopping validation service...
2024-12-14 23:33:31.007 | INFO     | __main__:shutdown_handler:167 - Stopping ui service...
2024-12-14 23:33:31.011 | INFO     | __main__:main:205 - Application shutdown complete
2024-12-14 23:34:43.995 | INFO     | __main__:main:126 - Starting Micro Cold Spray application
2024-12-14 23:34:43.995 | INFO     | __main__:main:132 - Starting critical services...
2024-12-14 23:34:48.030 | INFO     | __main__:main:150 - Starting non-critical services...
2024-12-14 23:37:09.878 | INFO     | __main__:shutdown_handler:164 - Shutdown requested...
2024-12-14 23:37:09.878 | INFO     | __main__:shutdown_handler:167 - Stopping config service...
2024-12-14 23:37:09.882 | INFO     | __main__:shutdown_handler:167 - Stopping messaging service...
2024-12-14 23:37:09.885 | INFO     | __main__:shutdown_handler:167 - Stopping communication service...
2024-12-14 23:37:09.889 | INFO     | __main__:shutdown_handler:167 - Stopping process service...
2024-12-14 23:37:09.892 | INFO     | __main__:shutdown_handler:167 - Stopping state service...
2024-12-14 23:37:09.895 | INFO     | __main__:shutdown_handler:167 - Stopping data_collection service...
2024-12-14 23:37:09.898 | INFO     | __main__:shutdown_handler:167 - Stopping validation service...
2024-12-14 23:37:09.901 | INFO     | __main__:shutdown_handler:167 - Stopping ui service...
2024-12-14 23:37:09.905 | INFO     | __main__:main:205 - Application shutdown complete
2024-12-14 23:37:15.956 | INFO     | __main__:main:126 - Starting Micro Cold Spray application
2024-12-14 23:37:15.956 | INFO     | __main__:main:132 - Starting critical services...
2024-12-14 23:37:19.986 | INFO     | __main__:main:150 - Starting non-critical services...
2024-12-14 23:38:40.341 | INFO     | __main__:shutdown_handler:164 - Shutdown requested...
2024-12-14 23:38:40.342 | INFO     | __main__:shutdown_handler:167 - Stopping config service...
2024-12-14 23:38:40.345 | INFO     | __main__:shutdown_handler:167 - Stopping messaging service...
2024-12-14 23:38:40.349 | INFO     | __main__:shutdown_handler:167 - Stopping communication service...
2024-12-14 23:38:40.353 | INFO     | __main__:shutdown_handler:167 - Stopping process service...
2024-12-14 23:38:40.356 | INFO     | __main__:shutdown_handler:167 - Stopping state service...
2024-12-14 23:38:40.359 | INFO     | __main__:shutdown_handler:167 - Stopping data_collection service...
2024-12-14 23:38:40.362 | INFO     | __main__:shutdown_handler:167 - Stopping validation service...
2024-12-14 23:38:40.365 | INFO     | __main__:shutdown_handler:167 - Stopping ui service...
2024-12-14 23:38:40.369 | INFO     | __main__:main:205 - Application shutdown complete
2024-12-14 23:40:33.543 | INFO     | __main__:main:142 - Starting Micro Cold Spray application
2024-12-14 23:40:33.543 | INFO     | __main__:main:148 - Starting critical services...
2024-12-14 23:40:37.589 | INFO     | __main__:main:166 - Starting non-critical services...
2024-12-14 23:42:13.857 | INFO     | __main__:shutdown_handler:180 - Shutdown requested...
2024-12-14 23:42:13.858 | INFO     | __main__:shutdown_handler:183 - Stopping config service...
2024-12-14 23:42:13.863 | INFO     | __main__:shutdown_handler:183 - Stopping messaging service...
2024-12-14 23:42:13.867 | INFO     | __main__:shutdown_handler:183 - Stopping communication service...
2024-12-14 23:42:13.871 | INFO     | __main__:shutdown_handler:183 - Stopping process service...
2024-12-14 23:42:13.879 | INFO     | __main__:shutdown_handler:183 - Stopping state service...
2024-12-14 23:42:13.885 | INFO     | __main__:shutdown_handler:183 - Stopping data_collection service...
2024-12-14 23:42:13.891 | INFO     | __main__:shutdown_handler:183 - Stopping validation service...
2024-12-14 23:42:13.895 | INFO     | __main__:shutdown_handler:183 - Stopping ui service...
2024-12-14 23:42:13.900 | INFO     | __main__:main:221 - Application shutdown complete
2024-12-14 23:44:54.331 | INFO     | __main__:main:136 - Starting Micro Cold Spray application
2024-12-14 23:44:54.331 | INFO     | __main__:main:142 - Starting critical services...
2024-12-14 23:44:58.369 | INFO     | __main__:main:160 - Starting non-critical services...
2024-12-14 23:46:31.562 | INFO     | __main__:shutdown_handler:174 - Shutdown requested...
2024-12-14 23:46:31.562 | INFO     | __main__:shutdown_handler:177 - Stopping config service...
2024-12-14 23:46:31.566 | INFO     | __main__:shutdown_handler:177 - Stopping messaging service...
2024-12-14 23:46:31.570 | INFO     | __main__:shutdown_handler:177 - Stopping communication service...
2024-12-14 23:46:31.574 | INFO     | __main__:shutdown_handler:177 - Stopping process service...
2024-12-14 23:46:31.578 | INFO     | __main__:shutdown_handler:177 - Stopping state service...
2024-12-14 23:46:31.583 | INFO     | __main__:shutdown_handler:177 - Stopping data_collection service...
2024-12-14 23:46:31.586 | INFO     | __main__:shutdown_handler:177 - Stopping validation service...
2024-12-14 23:46:31.590 | INFO     | __main__:shutdown_handler:177 - Stopping ui service...
2024-12-14 23:46:31.594 | INFO     | __main__:main:215 - Application shutdown complete
2024-12-14 23:48:32.271 | INFO     | __main__:main:243 - Starting Micro Cold Spray application
2024-12-14 23:48:32.271 | INFO     | __main__:start_service:102 - Starting config service...
2024-12-14 23:48:36.351 | INFO     | __main__:start_service:102 - Starting messaging service...
2024-12-14 23:48:40.403 | INFO     | __main__:start_service:102 - Starting communication service...
2024-12-14 23:48:44.456 | INFO     | __main__:start_service:102 - Starting state service...
2024-12-14 23:48:46.505 | WARNING  | __main__:check_service_health:73 - Service on port 8004 not healthy (attempt 1/3)
2024-12-14 23:48:50.545 | WARNING  | __main__:check_service_health:73 - Service on port 8004 not healthy (attempt 2/3)
2024-12-14 23:48:54.605 | WARNING  | __main__:check_service_health:73 - Service on port 8004 not healthy (attempt 3/3)
2024-12-14 23:48:56.618 | INFO     | __main__:start_service:102 - Starting process service...
2024-12-14 23:48:58.690 | WARNING  | __main__:check_service_health:73 - Service on port 8003 not healthy (attempt 1/3)
2024-12-14 23:49:02.730 | WARNING  | __main__:check_service_health:73 - Service on port 8003 not healthy (attempt 2/3)
2024-12-14 23:49:06.781 | WARNING  | __main__:check_service_health:73 - Service on port 8003 not healthy (attempt 3/3)
2024-12-14 23:49:08.792 | INFO     | __main__:start_service:102 - Starting data_collection service...
2024-12-14 23:49:10.855 | WARNING  | __main__:check_service_health:73 - Service on port 8005 not healthy (attempt 1/3)
2024-12-14 23:49:14.902 | WARNING  | __main__:check_service_health:73 - Service on port 8005 not healthy (attempt 2/3)
2024-12-14 23:49:18.977 | WARNING  | __main__:check_service_health:73 - Service on port 8005 not healthy (attempt 3/3)
2024-12-14 23:49:20.983 | INFO     | __main__:start_service:102 - Starting validation service...
2024-12-14 23:49:23.041 | WARNING  | __main__:check_service_health:73 - Service on port 8006 not healthy (attempt 1/3)
2024-12-14 23:49:27.116 | WARNING  | __main__:check_service_health:73 - Service on port 8006 not healthy (attempt 2/3)
2024-12-14 23:49:31.168 | WARNING  | __main__:check_service_health:73 - Service on port 8006 not healthy (attempt 3/3)
2024-12-14 23:49:33.175 | INFO     | __main__:start_service:102 - Starting ui service...
2024-12-14 23:49:38.056 | WARNING  | __main__:check_service_health:73 - Service on port 8000 not healthy (attempt 1/3)
2024-12-14 23:49:44.148 | WARNING  | __main__:check_service_health:75 - Failed to check service health on port 8000: HTTPConnectionPool(host='localhost', port=8000): Max retries exceeded with url: /health (Caused by NewConnectionError('<urllib3.connection.HTTPConnection object at 0x000001796D9A3460>: Failed to establish a new connection: [WinError 10061] No connection could be made because the target machine actively refused it'))
2024-12-14 23:49:44.148 | INFO     | __main__:stop_service:125 - Stopping ui service...
2024-12-14 23:49:44.153 | INFO     | __main__:main:294 - Application shutdown complete
2024-12-14 23:55:32.246 | INFO     | __main__:main:279 - Starting Micro Cold Spray application
2024-12-14 23:55:32.246 | INFO     | __main__:start_service:129 - Starting config service...
2024-12-14 23:55:35.320 | INFO     | __main__:check_service_health:81 - Service on port 8001 is healthy (status: ok)
2024-12-14 23:55:37.325 | INFO     | __main__:start_service:129 - Starting messaging service...
2024-12-14 23:55:40.417 | INFO     | __main__:check_service_health:81 - Service on port 8007 is healthy (status: ok)
2024-12-14 23:55:42.420 | INFO     | __main__:start_service:129 - Starting communication service...
2024-12-14 23:55:48.009 | INFO     | __main__:check_service_health:81 - Service on port 8002 is healthy (status: degraded)
2024-12-14 23:55:50.015 | INFO     | __main__:start_service:129 - Starting state service...
2024-12-14 23:56:07.182 | INFO     | __main__:main:330 - Application shutdown complete
2024-12-14 23:57:04.916 | INFO     | __main__:main:279 - Starting Micro Cold Spray application
2024-12-14 23:57:04.916 | INFO     | __main__:start_service:129 - Starting config service...
2024-12-14 23:57:08.010 | INFO     | __main__:check_service_health:81 - Service on port 8001 is healthy (status: ok)
2024-12-14 23:57:10.024 | INFO     | __main__:start_service:129 - Starting messaging service...
2024-12-14 23:57:13.076 | INFO     | __main__:check_service_health:81 - Service on port 8007 is healthy (status: ok)
2024-12-14 23:57:15.083 | INFO     | __main__:start_service:129 - Starting communication service...
2024-12-14 23:57:20.682 | INFO     | __main__:check_service_health:81 - Service on port 8002 is healthy (status: degraded)
2024-12-14 23:57:22.693 | INFO     | __main__:start_service:129 - Starting state service...
2024-12-14 23:57:28.256 | WARNING  | __main__:check_service_health:84 - Service on port 8004 reported unhealthy status: error
2024-12-14 23:57:32.332 | WARNING  | __main__:check_service_health:84 - Service on port 8004 reported unhealthy status: error
2024-12-14 23:57:36.401 | WARNING  | __main__:check_service_health:84 - Service on port 8004 reported unhealthy status: error
2024-12-14 23:57:36.401 | WARNING  | __main__:start_service:148 - Non-critical service state failed health check but continuing
2024-12-14 23:57:38.411 | INFO     | __main__:start_service:129 - Starting process service...
2024-12-14 23:57:50.537 | INFO     | __main__:main:330 - Application shutdown complete
2024-12-15 00:00:15.113 | INFO     | __main__:main:279 - Starting Micro Cold Spray application
2024-12-15 00:00:15.114 | INFO     | __main__:start_service:129 - Starting config service...
2024-12-15 00:00:18.186 | INFO     | __main__:check_service_health:81 - Service on port 8001 is healthy (status: ok)
2024-12-15 00:00:20.202 | INFO     | __main__:start_service:129 - Starting messaging service...
2024-12-15 00:00:23.297 | INFO     | __main__:check_service_health:81 - Service on port 8007 is healthy (status: ok)
2024-12-15 00:00:25.306 | INFO     | __main__:start_service:129 - Starting communication service...
2024-12-15 00:00:30.901 | INFO     | __main__:check_service_health:81 - Service on port 8002 is healthy (status: degraded)
2024-12-15 00:00:32.909 | INFO     | __main__:start_service:129 - Starting state service...
2024-12-15 00:00:38.498 | WARNING  | __main__:check_service_health:84 - Service on port 8004 reported unhealthy status: error
2024-12-15 00:00:42.575 | WARNING  | __main__:check_service_health:84 - Service on port 8004 reported unhealthy status: error
2024-12-15 00:00:46.631 | WARNING  | __main__:check_service_health:84 - Service on port 8004 reported unhealthy status: error
2024-12-15 00:00:46.631 | WARNING  | __main__:start_service:148 - Non-critical service state failed health check but continuing
2024-12-15 00:00:48.638 | INFO     | __main__:start_service:129 - Starting process service...
2024-12-15 00:00:58.545 | INFO     | __main__:stop_service:161 - Stopping state service...
2024-12-15 00:00:58.550 | INFO     | __main__:stop_service:161 - Stopping communication service...
2024-12-15 00:00:58.555 | INFO     | __main__:stop_service:161 - Stopping messaging service...
2024-12-15 00:00:58.559 | INFO     | __main__:stop_service:161 - Stopping config service...
2024-12-15 00:00:58.562 | INFO     | __main__:main:330 - Application shutdown complete
2024-12-15 00:15:16.545 | INFO     | __main__:main:279 - Starting Micro Cold Spray application
2024-12-15 00:15:16.545 | INFO     | __main__:start_service:129 - Starting config service...
2024-12-15 00:15:19.645 | INFO     | __main__:check_service_health:81 - Service on port 8001 is healthy (status: ok)
2024-12-15 00:15:21.658 | INFO     | __main__:start_service:129 - Starting messaging service...
2024-12-15 00:15:24.743 | INFO     | __main__:check_service_health:81 - Service on port 8007 is healthy (status: ok)
2024-12-15 00:15:26.755 | INFO     | __main__:start_service:129 - Starting communication service...
2024-12-15 00:15:32.335 | INFO     | __main__:check_service_health:81 - Service on port 8002 is healthy (status: degraded)
2024-12-15 00:15:34.344 | INFO     | __main__:start_service:129 - Starting state service...
2024-12-15 00:15:39.978 | WARNING  | __main__:check_service_health:84 - Service on port 8004 reported unhealthy status: error
2024-12-15 00:15:44.036 | WARNING  | __main__:check_service_health:84 - Service on port 8004 reported unhealthy status: error
2024-12-15 00:15:48.097 | WARNING  | __main__:check_service_health:84 - Service on port 8004 reported unhealthy status: error
2024-12-15 00:15:48.097 | WARNING  | __main__:start_service:148 - Non-critical service state failed health check but continuing
2024-12-15 00:15:50.106 | INFO     | __main__:start_service:129 - Starting process service...
2024-12-15 00:16:20.444 | ERROR    | __main__:start_service:136 - Service process failed to start accepting connections
2024-12-15 00:16:22.453 | INFO     | __main__:start_service:129 - Starting data_collection service...
2024-12-15 00:16:25.533 | WARNING  | __main__:check_service_health:72 - Service on port 8005 starting up (health endpoint not ready)
2024-12-15 00:16:29.573 | WARNING  | __main__:check_service_health:72 - Service on port 8005 starting up (health endpoint not ready)
2024-12-15 00:16:33.627 | WARNING  | __main__:check_service_health:72 - Service on port 8005 starting up (health endpoint not ready)
2024-12-15 00:16:33.627 | WARNING  | __main__:start_service:148 - Non-critical service data_collection failed health check but continuing
2024-12-15 00:16:35.636 | INFO     | __main__:start_service:129 - Starting validation service...
2024-12-15 00:16:38.661 | WARNING  | __main__:check_service_health:72 - Service on port 8006 starting up (health endpoint not ready)
2024-12-15 00:16:42.735 | WARNING  | __main__:check_service_health:72 - Service on port 8006 starting up (health endpoint not ready)
2024-12-15 00:16:46.810 | WARNING  | __main__:check_service_health:72 - Service on port 8006 starting up (health endpoint not ready)
2024-12-15 00:16:46.810 | WARNING  | __main__:start_service:148 - Non-critical service validation failed health check but continuing
2024-12-15 00:16:48.825 | INFO     | __main__:start_service:129 - Starting ui service...
2024-12-15 00:16:54.096 | WARNING  | __main__:check_service_health:84 - Service on port 8000 reported unhealthy status: None
2024-12-15 00:17:00.332 | WARNING  | __main__:check_service_health:84 - Service on port 8000 reported unhealthy status: None
2024-12-15 00:17:06.525 | WARNING  | __main__:check_service_health:84 - Service on port 8000 reported unhealthy status: None
2024-12-15 00:17:06.525 | WARNING  | __main__:start_service:148 - Non-critical service ui failed health check but continuing
2024-12-15 00:17:08.533 | WARNING  | __main__:main:320 - Non-critical service process died - attempting restart
2024-12-15 00:17:08.534 | ERROR    | __main__:main:327 - Critical application error: list indices must be integers or slices, not str
Traceback (most recent call last):

  File "c:\Projects\micro-cold-spray\src\micro_cold_spray\__main__.py", line 335, in <module>
    asyncio.run(main())

  File "C:\Users\Michael\AppData\Local\Programs\Python\Python313\Lib\asyncio\runners.py", line 194, in run
    return runner.run(main)
  File "C:\Users\Michael\AppData\Local\Programs\Python\Python313\Lib\asyncio\runners.py", line 118, in run
    return self._loop.run_until_complete(task)
  File "C:\Users\Michael\AppData\Local\Programs\Python\Python313\Lib\asyncio\base_events.py", line 708, in run_until_complete
    self.run_forever()
  File "C:\Users\Michael\AppData\Local\Programs\Python\Python313\Lib\asyncio\base_events.py", line 679, in run_forever
    self._run_once()
  File "C:\Users\Michael\AppData\Local\Programs\Python\Python313\Lib\asyncio\base_events.py", line 2027, in _run_once
    handle._run()
  File "C:\Users\Michael\AppData\Local\Programs\Python\Python313\Lib\asyncio\events.py", line 89, in _run
    self._context.run(self._callback, *self._args)

> File "c:\Projects\micro-cold-spray\src\micro_cold_spray\__main__.py", line 321, in main
    await service_manager.start_service(name, startup_sequence[name][1], False)

TypeError: list indices must be integers or slices, not str
2024-12-15 00:17:08.536 | INFO     | __main__:stop_service:161 - Stopping ui service...
2024-12-15 00:17:08.541 | INFO     | __main__:stop_service:161 - Stopping validation service...
2024-12-15 00:17:08.545 | INFO     | __main__:stop_service:161 - Stopping data_collection service...
2024-12-15 00:17:08.549 | INFO     | __main__:stop_service:161 - Stopping state service...
2024-12-15 00:17:08.554 | INFO     | __main__:stop_service:161 - Stopping communication service...
2024-12-15 00:17:08.558 | INFO     | __main__:stop_service:161 - Stopping messaging service...
2024-12-15 00:17:08.562 | INFO     | __main__:stop_service:161 - Stopping config service...
2024-12-15 00:17:08.566 | INFO     | __main__:main:330 - Application shutdown complete
2024-12-15 00:18:58.021 | INFO     | __main__:main:279 - Starting Micro Cold Spray application
2024-12-15 00:18:58.021 | INFO     | __main__:start_service:129 - Starting config service...
2024-12-15 00:19:01.080 | INFO     | __main__:check_service_health:81 - Service on port 8001 is healthy (status: ok)
2024-12-15 00:19:03.095 | INFO     | __main__:start_service:129 - Starting messaging service...
2024-12-15 00:19:06.144 | INFO     | __main__:check_service_health:81 - Service on port 8007 is healthy (status: ok)
2024-12-15 00:19:08.147 | INFO     | __main__:start_service:129 - Starting communication service...
2024-12-15 00:19:13.737 | INFO     | __main__:check_service_health:81 - Service on port 8002 is healthy (status: degraded)
2024-12-15 00:19:15.751 | INFO     | __main__:start_service:129 - Starting state service...
2024-12-15 00:19:21.362 | WARNING  | __main__:check_service_health:84 - Service on port 8004 reported unhealthy status: error
2024-12-15 00:19:25.385 | WARNING  | __main__:check_service_health:84 - Service on port 8004 reported unhealthy status: error
2024-12-15 00:19:29.441 | WARNING  | __main__:check_service_health:84 - Service on port 8004 reported unhealthy status: error
2024-12-15 00:19:29.441 | WARNING  | __main__:start_service:148 - Non-critical service state failed health check but continuing
2024-12-15 00:19:31.455 | INFO     | __main__:start_service:129 - Starting process service...
2024-12-15 00:20:01.728 | ERROR    | __main__:start_service:136 - Service process failed to start accepting connections
2024-12-15 00:20:03.742 | INFO     | __main__:start_service:129 - Starting data_collection service...
2024-12-15 00:20:06.804 | WARNING  | __main__:check_service_health:72 - Service on port 8005 starting up (health endpoint not ready)
2024-12-15 00:20:10.858 | WARNING  | __main__:check_service_health:72 - Service on port 8005 starting up (health endpoint not ready)
2024-12-15 00:20:14.926 | WARNING  | __main__:check_service_health:72 - Service on port 8005 starting up (health endpoint not ready)
2024-12-15 00:20:14.926 | WARNING  | __main__:start_service:148 - Non-critical service data_collection failed health check but continuing
2024-12-15 00:20:16.926 | INFO     | __main__:start_service:129 - Starting validation service...
2024-12-15 00:20:20.001 | WARNING  | __main__:check_service_health:72 - Service on port 8006 starting up (health endpoint not ready)
2024-12-15 00:20:24.030 | WARNING  | __main__:check_service_health:72 - Service on port 8006 starting up (health endpoint not ready)
2024-12-15 00:20:28.104 | WARNING  | __main__:check_service_health:72 - Service on port 8006 starting up (health endpoint not ready)
2024-12-15 00:20:28.105 | WARNING  | __main__:start_service:148 - Non-critical service validation failed health check but continuing
2024-12-15 00:20:30.118 | INFO     | __main__:start_service:129 - Starting ui service...
2024-12-15 00:20:35.400 | WARNING  | __main__:check_service_health:84 - Service on port 8000 reported unhealthy status: None
2024-12-15 00:20:41.621 | WARNING  | __main__:check_service_health:84 - Service on port 8000 reported unhealthy status: None
2024-12-15 00:20:47.832 | WARNING  | __main__:check_service_health:84 - Service on port 8000 reported unhealthy status: None
2024-12-15 00:20:47.832 | WARNING  | __main__:start_service:148 - Non-critical service ui failed health check but continuing
2024-12-15 00:20:49.839 | WARNING  | __main__:main:320 - Non-critical service process died - attempting restart
2024-12-15 00:20:49.839 | ERROR    | __main__:main:327 - Critical application error: list indices must be integers or slices, not str
Traceback (most recent call last):

  File "c:\Projects\micro-cold-spray\src\micro_cold_spray\__main__.py", line 335, in <module>
    asyncio.run(main())

  File "C:\Users\Michael\AppData\Local\Programs\Python\Python313\Lib\asyncio\runners.py", line 194, in run
    return runner.run(main)
  File "C:\Users\Michael\AppData\Local\Programs\Python\Python313\Lib\asyncio\runners.py", line 118, in run
    return self._loop.run_until_complete(task)
  File "C:\Users\Michael\AppData\Local\Programs\Python\Python313\Lib\asyncio\base_events.py", line 708, in run_until_complete
    self.run_forever()
  File "C:\Users\Michael\AppData\Local\Programs\Python\Python313\Lib\asyncio\base_events.py", line 679, in run_forever
    self._run_once()
  File "C:\Users\Michael\AppData\Local\Programs\Python\Python313\Lib\asyncio\base_events.py", line 2027, in _run_once
    handle._run()
  File "C:\Users\Michael\AppData\Local\Programs\Python\Python313\Lib\asyncio\events.py", line 89, in _run
    self._context.run(self._callback, *self._args)

> File "c:\Projects\micro-cold-spray\src\micro_cold_spray\__main__.py", line 321, in main
    await service_manager.start_service(name, startup_sequence[name][1], False)

TypeError: list indices must be integers or slices, not str
2024-12-15 00:20:49.842 | INFO     | __main__:stop_service:161 - Stopping ui service...
2024-12-15 00:20:49.847 | INFO     | __main__:stop_service:161 - Stopping validation service...
2024-12-15 00:20:49.851 | INFO     | __main__:stop_service:161 - Stopping data_collection service...
2024-12-15 00:20:49.855 | INFO     | __main__:stop_service:161 - Stopping state service...
2024-12-15 00:20:49.860 | INFO     | __main__:stop_service:161 - Stopping communication service...
2024-12-15 00:20:49.864 | INFO     | __main__:stop_service:161 - Stopping messaging service...
2024-12-15 00:20:49.868 | INFO     | __main__:stop_service:161 - Stopping config service...
2024-12-15 00:20:49.872 | INFO     | __main__:main:330 - Application shutdown complete
2024-12-15 00:22:27.386 | INFO     | __main__:main:279 - Starting Micro Cold Spray application
2024-12-15 00:22:27.387 | INFO     | __main__:start_service:129 - Starting config service...
2024-12-15 00:22:30.490 | INFO     | __main__:check_service_health:81 - Service on port 8001 is healthy (status: ok)
2024-12-15 00:22:32.504 | INFO     | __main__:start_service:129 - Starting messaging service...
2024-12-15 00:22:35.582 | INFO     | __main__:check_service_health:81 - Service on port 8007 is healthy (status: ok)
2024-12-15 00:22:37.596 | INFO     | __main__:start_service:129 - Starting communication service...
2024-12-15 00:22:43.193 | INFO     | __main__:check_service_health:81 - Service on port 8002 is healthy (status: degraded)
2024-12-15 00:22:45.208 | INFO     | __main__:start_service:129 - Starting state service...
2024-12-15 00:22:50.779 | WARNING  | __main__:check_service_health:84 - Service on port 8004 reported unhealthy status: error
2024-12-15 00:22:54.852 | WARNING  | __main__:check_service_health:84 - Service on port 8004 reported unhealthy status: error
2024-12-15 00:22:58.911 | WARNING  | __main__:check_service_health:84 - Service on port 8004 reported unhealthy status: error
2024-12-15 00:22:58.911 | WARNING  | __main__:start_service:148 - Non-critical service state failed health check but continuing
2024-12-15 00:23:00.924 | INFO     | __main__:start_service:129 - Starting process service...
2024-12-15 00:23:31.191 | ERROR    | __main__:start_service:136 - Service process failed to start accepting connections
2024-12-15 00:23:33.202 | INFO     | __main__:start_service:129 - Starting data_collection service...
2024-12-15 00:23:36.274 | WARNING  | __main__:check_service_health:72 - Service on port 8005 starting up (health endpoint not ready)
2024-12-15 00:23:40.357 | WARNING  | __main__:check_service_health:72 - Service on port 8005 starting up (health endpoint not ready)
2024-12-15 00:23:44.428 | WARNING  | __main__:check_service_health:72 - Service on port 8005 starting up (health endpoint not ready)
2024-12-15 00:23:44.428 | WARNING  | __main__:start_service:148 - Non-critical service data_collection failed health check but continuing
2024-12-15 00:23:46.433 | INFO     | __main__:start_service:129 - Starting validation service...
2024-12-15 00:23:49.521 | WARNING  | __main__:check_service_health:72 - Service on port 8006 starting up (health endpoint not ready)
2024-12-15 00:23:53.571 | WARNING  | __main__:check_service_health:72 - Service on port 8006 starting up (health endpoint not ready)
2024-12-15 00:23:57.643 | WARNING  | __main__:check_service_health:72 - Service on port 8006 starting up (health endpoint not ready)
2024-12-15 00:23:57.644 | WARNING  | __main__:start_service:148 - Non-critical service validation failed health check but continuing
2024-12-15 00:23:59.645 | INFO     | __main__:start_service:129 - Starting ui service...
2024-12-15 00:24:04.932 | WARNING  | __main__:check_service_health:84 - Service on port 8000 reported unhealthy status: None
2024-12-15 00:24:11.178 | WARNING  | __main__:check_service_health:84 - Service on port 8000 reported unhealthy status: None
2024-12-15 00:24:17.422 | WARNING  | __main__:check_service_health:84 - Service on port 8000 reported unhealthy status: None
2024-12-15 00:24:17.422 | WARNING  | __main__:start_service:148 - Non-critical service ui failed health check but continuing
2024-12-15 00:24:18.519 | INFO     | __main__:stop_service:161 - Stopping ui service...
2024-12-15 00:24:18.524 | INFO     | __main__:stop_service:161 - Stopping validation service...
2024-12-15 00:24:18.528 | INFO     | __main__:stop_service:161 - Stopping data_collection service...
2024-12-15 00:24:18.532 | INFO     | __main__:stop_service:161 - Stopping state service...
2024-12-15 00:24:18.537 | INFO     | __main__:stop_service:161 - Stopping communication service...
2024-12-15 00:24:18.541 | INFO     | __main__:stop_service:161 - Stopping messaging service...
2024-12-15 00:24:18.545 | INFO     | __main__:stop_service:161 - Stopping config service...
2024-12-15 00:24:18.549 | INFO     | __main__:main:330 - Application shutdown complete
2024-12-15 00:24:23.507 | INFO     | __main__:main:279 - Starting Micro Cold Spray application
2024-12-15 00:24:23.507 | INFO     | __main__:start_service:129 - Starting config service...
2024-12-15 00:24:26.584 | INFO     | __main__:check_service_health:81 - Service on port 8001 is healthy (status: ok)
2024-12-15 00:24:28.600 | INFO     | __main__:start_service:129 - Starting messaging service...
2024-12-15 00:24:31.690 | INFO     | __main__:check_service_health:81 - Service on port 8007 is healthy (status: ok)
2024-12-15 00:24:33.692 | INFO     | __main__:start_service:129 - Starting communication service...
2024-12-15 00:24:39.292 | INFO     | __main__:check_service_health:81 - Service on port 8002 is healthy (status: degraded)
2024-12-15 00:24:41.297 | INFO     | __main__:start_service:129 - Starting state service...
2024-12-15 00:24:46.937 | WARNING  | __main__:check_service_health:84 - Service on port 8004 reported unhealthy status: error
2024-12-15 00:24:51.013 | WARNING  | __main__:check_service_health:84 - Service on port 8004 reported unhealthy status: error
2024-12-15 00:24:55.100 | WARNING  | __main__:check_service_health:84 - Service on port 8004 reported unhealthy status: error
2024-12-15 00:24:55.101 | WARNING  | __main__:start_service:148 - Non-critical service state failed health check but continuing
2024-12-15 00:25:38.374 | INFO     | __main__:shutdown_handler:301 - Shutdown requested...
2024-12-15 00:25:38.374 | INFO     | __main__:stop_service:161 - Stopping state service...
2024-12-15 00:25:38.380 | INFO     | __main__:stop_service:161 - Stopping communication service...
2024-12-15 00:25:38.385 | INFO     | __main__:stop_service:161 - Stopping messaging service...
2024-12-15 00:25:38.389 | INFO     | __main__:stop_service:161 - Stopping config service...
2024-12-15 00:25:38.393 | INFO     | __main__:main:326 - Application shutdown complete
2024-12-15 00:28:09.920 | INFO     | __main__:main:279 - Starting Micro Cold Spray application
2024-12-15 00:28:09.921 | INFO     | __main__:start_service:129 - Starting config service...
2024-12-15 00:28:12.976 | INFO     | __main__:check_service_health:81 - Service on port 8001 is healthy (status: ok)
2024-12-15 00:28:14.991 | INFO     | __main__:start_service:129 - Starting messaging service...
2024-12-15 00:28:18.052 | INFO     | __main__:check_service_health:81 - Service on port 8007 is healthy (status: ok)
2024-12-15 00:28:20.058 | INFO     | __main__:start_service:129 - Starting communication service...
2024-12-15 00:28:25.633 | INFO     | __main__:check_service_health:81 - Service on port 8002 is healthy (status: degraded)
2024-12-15 00:28:27.646 | INFO     | __main__:start_service:129 - Starting state service...
2024-12-15 00:28:33.258 | WARNING  | __main__:check_service_health:84 - Service on port 8004 reported unhealthy status: error
2024-12-15 00:28:37.311 | WARNING  | __main__:check_service_health:84 - Service on port 8004 reported unhealthy status: error
2024-12-15 00:28:41.368 | WARNING  | __main__:check_service_health:84 - Service on port 8004 reported unhealthy status: error
2024-12-15 00:28:41.368 | WARNING  | __main__:start_service:148 - Non-critical service state failed health check but continuing
2024-12-15 00:28:43.369 | INFO     | __main__:start_service:129 - Starting ui service...
2024-12-15 00:28:50.620 | WARNING  | __main__:check_service_health:84 - Service on port 8000 reported unhealthy status: None
2024-12-15 00:28:59.188 | WARNING  | __main__:check_service_health:84 - Service on port 8000 reported unhealthy status: None
2024-12-15 00:29:08.251 | WARNING  | __main__:check_service_health:90 - Error checking service health on port 8000: HTTPConnectionPool(host='localhost', port=8000): Read timed out. (read timeout=5)
2024-12-15 00:29:08.251 | WARNING  | __main__:start_service:148 - Non-critical service ui failed health check but continuing
2024-12-15 00:29:22.014 | INFO     | __main__:shutdown_handler:302 - Shutdown requested...
2024-12-15 00:29:22.014 | INFO     | __main__:stop_service:161 - Stopping ui service...
2024-12-15 00:29:22.020 | INFO     | __main__:stop_service:161 - Stopping state service...
2024-12-15 00:29:22.025 | INFO     | __main__:stop_service:161 - Stopping communication service...
2024-12-15 00:29:22.029 | INFO     | __main__:stop_service:161 - Stopping messaging service...
2024-12-15 00:29:22.033 | INFO     | __main__:stop_service:161 - Stopping config service...
2024-12-15 00:29:22.037 | INFO     | __main__:main:327 - Application shutdown complete
