2024-12-20 15:05:36 | INFO     | __main__:main:50 - Starting state service...
2024-12-20 15:05:36 | INFO     | __main__:main:61 - Host: 0.0.0.0
2024-12-20 15:05:36 | INFO     | __main__:main:62 - Port: 8004
2024-12-20 15:05:36 | INFO     | __main__:main:63 - Reload: False
2024-12-20 15:05:36 | INFO     | micro_cold_spray.api.state.state_app:startup:84 - Starting state service...
2024-12-20 15:05:36 | ERROR    | micro_cold_spray.api.state.state_service:_start:47 - Failed to start state service: create_error() got an unexpected keyword argument 'context'
2024-12-20 15:05:36 | ERROR    | micro_cold_spray.api.state.state_app:startup:88 - Failed to start state service: 503: Failed to start state service: create_error() got an unexpected keyword argument 'context'
2024-12-20 15:06:15 | INFO     | __main__:main:50 - Starting state service...
2024-12-20 15:06:15 | INFO     | __main__:main:61 - Host: 0.0.0.0
2024-12-20 15:06:15 | INFO     | __main__:main:62 - Port: 8004
2024-12-20 15:06:15 | INFO     | __main__:main:63 - Reload: False
2024-12-20 15:06:15 | INFO     | micro_cold_spray.api.state.state_app:startup:84 - Starting state service...
2024-12-20 15:06:15 | ERROR    | micro_cold_spray.api.state.state_service:_start:48 - Failed to start state service: 503: Failed to load state configuration: 422: Invalid state configuration: missing required keys
2024-12-20 15:06:15 | ERROR    | micro_cold_spray.api.state.state_app:startup:88 - Failed to start state service: 503: Failed to start state service: 503: Failed to start state service: 503: Failed to load state configuration: 422: Invalid state configuration: missing required keys
2024-12-20 15:06:56 | INFO     | __main__:main:50 - Starting state service...
2024-12-20 15:06:56 | INFO     | __main__:main:61 - Host: 0.0.0.0
2024-12-20 15:06:56 | INFO     | __main__:main:62 - Port: 8004
2024-12-20 15:06:56 | INFO     | __main__:main:63 - Reload: False
2024-12-20 15:06:56 | INFO     | micro_cold_spray.api.state.state_app:startup:84 - Starting state service...
2024-12-20 15:06:56 | INFO     | micro_cold_spray.api.state.state_service:_start:45 - State service started with 6 states
2024-12-20 15:06:56 | INFO     | micro_cold_spray.api.config.services.base_config_service:start:50 - state service started
2024-12-20 15:06:56 | INFO     | micro_cold_spray.api.state.state_app:startup:86 - State service started successfully
2024-12-20 15:08:42 | INFO     | __main__:main:50 - Starting state service...
2024-12-20 15:08:42 | INFO     | __main__:main:61 - Host: 0.0.0.0
2024-12-20 15:08:42 | INFO     | __main__:main:62 - Port: 8004
2024-12-20 15:08:42 | INFO     | __main__:main:63 - Reload: False
2024-12-20 15:08:42 | INFO     | micro_cold_spray.api.state.state_app:startup:84 - Starting state service...
2024-12-20 15:08:44 | WARNING  | micro_cold_spray.api.state.state_service:_sync_with_config_service:126 - Config service health check failed: All connection attempts failed
2024-12-20 15:08:44 | INFO     | micro_cold_spray.api.state.state_service:_start:39 - State service started with 6 states
2024-12-20 15:08:44 | INFO     | micro_cold_spray.api.config.services.base_config_service:start:50 - state service started
2024-12-20 15:08:44 | INFO     | micro_cold_spray.api.state.state_app:startup:86 - State service started successfully
2024-12-20 15:09:02 | INFO     | micro_cold_spray.api.state.state_app:shutdown:96 - Stopping state service...
2024-12-20 15:09:02 | INFO     | micro_cold_spray.api.state.state_service:_stop:52 - State service stopped
2024-12-20 15:09:02 | INFO     | micro_cold_spray.api.config.services.base_config_service:stop:71 - state service stopped
2024-12-20 15:09:02 | INFO     | micro_cold_spray.api.state.state_app:shutdown:98 - State service stopped successfully
